

============================== 2022-07-27 20:34:36.924576 | 5d5ec820-31d2-4f0b-bb3f-cf49dcf6ea5b ==============================
[0m20:34:36.924622 [info ] [MainThread]: Running with dbt=1.2.0
[0m20:34:36.927446 [debug] [MainThread]: running dbt with arguments {'write_json': True, 'use_colors': True, 'printer_width': 80, 'version_check': True, 'partial_parse': True, 'static_parser': True, 'profiles_dir': '/home/bini/.dbt', 'send_anonymous_usage_stats': True, 'event_buffer_size': 100000, 'quiet': False, 'no_print': False, 'project_name': 'dbt_', 'skip_profile_setup': False, 'which': 'init', 'indirect_selection': 'eager'}
[0m20:34:36.929255 [debug] [MainThread]: Tracking: tracking
[0m20:34:37.205652 [debug] [MainThread]: Sending event: {'category': 'dbt', 'action': 'invocation', 'label': 'start', 'context': [<snowplow_tracker.self_describing_json.SelfDescribingJson object at 0x7fa78c101550>, <snowplow_tracker.self_describing_json.SelfDescribingJson object at 0x7fa78c1012b0>, <snowplow_tracker.self_describing_json.SelfDescribingJson object at 0x7fa78c101370>]}
[0m20:34:37.213645 [debug] [MainThread]: Starter project path: /home/bini/anaconda3/envs/py38/lib/python3.8/site-packages/dbt/include/starter_project
[0m20:34:42.791814 [info ] [MainThread]: 
Your new dbt project "dbt_" was created!

For more information on how to configure the profiles.yml file,
please consult the dbt documentation here:

  https://docs.getdbt.com/docs/configure-your-profile

One more thing:

Need help? Don't hesitate to reach out to us via GitHub issues or on Slack:

  https://community.getdbt.com/

Happy modeling!

[0m20:34:42.808887 [debug] [MainThread]: Sending event: {'category': 'dbt', 'action': 'invocation', 'label': 'end', 'context': [<snowplow_tracker.self_describing_json.SelfDescribingJson object at 0x7fa78c1013d0>, <snowplow_tracker.self_describing_json.SelfDescribingJson object at 0x7fa78c1010d0>, <snowplow_tracker.self_describing_json.SelfDescribingJson object at 0x7fa78c1010a0>]}


============================== 2022-07-27 20:51:25.689063 | 34cfbb8c-3a71-4a33-a324-3d85ab62307a ==============================
[0m20:51:25.689097 [info ] [MainThread]: Running with dbt=1.2.0
[0m20:51:25.697651 [debug] [MainThread]: running dbt with arguments {'write_json': True, 'use_colors': True, 'printer_width': 80, 'version_check': True, 'partial_parse': True, 'static_parser': True, 'profiles_dir': '/home/bini/10_acad/week_12/ELT_Pipeline_Project_2/dbt/.dbt', 'send_anonymous_usage_stats': True, 'event_buffer_size': 100000, 'quiet': False, 'no_print': False, 'config_dir': True, 'which': 'debug', 'indirect_selection': 'eager'}
[0m20:51:25.698807 [debug] [MainThread]: Tracking: tracking
[0m20:51:25.936104 [debug] [MainThread]: Sending event: {'category': 'dbt', 'action': 'invocation', 'label': 'start', 'context': [<snowplow_tracker.self_describing_json.SelfDescribingJson object at 0x7fa6a06e3a30>, <snowplow_tracker.self_describing_json.SelfDescribingJson object at 0x7fa6a06e3940>, <snowplow_tracker.self_describing_json.SelfDescribingJson object at 0x7fa6a06e3ac0>]}
[0m20:51:25.937498 [info ] [MainThread]: To view your profiles.yml file, run:

xdg-open /home/bini/10_acad/week_12/ELT_Pipeline_Project_2/dbt/.dbt
[0m20:51:25.946806 [debug] [MainThread]: Sending event: {'category': 'dbt', 'action': 'invocation', 'label': 'end', 'context': [<snowplow_tracker.self_describing_json.SelfDescribingJson object at 0x7fa6a06e3940>, <snowplow_tracker.self_describing_json.SelfDescribingJson object at 0x7fa6a06e3ac0>, <snowplow_tracker.self_describing_json.SelfDescribingJson object at 0x7fa6a06e38b0>]}
